2017-10-26 05:39:46.933 INFO  (main) [   ] o.e.j.s.Server jetty-9.3.14.v20161028
2017-10-26 05:39:47.802 INFO  (main) [   ] o.a.s.s.SolrDispatchFilter  ___      _       Welcome to Apache Solr™ version 7.0.0
2017-10-26 05:39:47.803 INFO  (main) [   ] o.a.s.s.SolrDispatchFilter / __| ___| |_ _   Starting in standalone mode on port 8983
2017-10-26 05:39:47.803 INFO  (main) [   ] o.a.s.s.SolrDispatchFilter \__ \/ _ \ | '_|  Install dir: /root/DSE203_Demand_EDA/www/SOLR_/solr, Default config dir: /root/DSE203_Demand_EDA/www/SOLR_/solr/server/solr/configsets/_default/conf
2017-10-26 05:39:47.829 INFO  (main) [   ] o.a.s.s.SolrDispatchFilter |___/\___/_|_|    Start time: 2017-10-26T05:39:47.804Z
2017-10-26 05:39:47.830 INFO  (main) [   ] o.a.s.s.StartupLoggingUtils Property solr.log.muteconsole given. Muting ConsoleAppender named CONSOLE
2017-10-26 05:39:47.858 INFO  (main) [   ] o.a.s.c.SolrResourceLoader Using system property solr.solr.home: /root/DSE203_Demand_EDA/www/SOLR_/solr/server/solr
2017-10-26 05:39:47.865 INFO  (main) [   ] o.a.s.c.SolrXmlConfig Loading container configuration from /root/DSE203_Demand_EDA/www/SOLR_/solr/server/solr/solr.xml
2017-10-26 05:39:49.136 INFO  (main) [   ] o.a.s.c.CorePropertiesLocator Found 0 core definitions underneath /root/DSE203_Demand_EDA/www/SOLR_/solr/server/solr
2017-10-26 05:39:49.275 INFO  (main) [   ] o.e.j.s.Server Started @3360ms
2017-10-26 05:40:07.548 INFO  (qtp834133664-18) [   ] o.a.s.c.TransientSolrCoreCacheDefault Allocating transient cache for 2147483647 transient cores
2017-10-26 05:40:09.129 INFO  (qtp834133664-17) [   ] o.a.s.s.HttpSolrCall [admin] webapp=null path=/admin/cores params={indexInfo=false&wt=json&_=1508996408509} status=0 QTime=51
2017-10-26 05:40:09.169 INFO  (qtp834133664-13) [   ] o.a.s.s.HttpSolrCall [admin] webapp=null path=/admin/info/system params={wt=json&_=1508996408511} status=0 QTime=92
2017-10-26 05:40:55.908 INFO  (qtp834133664-14) [   ] o.a.s.s.HttpSolrCall [admin] webapp=null path=/admin/info/system params={wt=json} status=0 QTime=19
2017-10-26 05:40:55.984 INFO  (qtp834133664-18) [   ] o.a.s.s.HttpSolrCall [admin] webapp=null path=/admin/info/system params={wt=json} status=0 QTime=16
2017-10-26 05:40:56.002 INFO  (qtp834133664-17) [   ] o.a.s.s.HttpSolrCall [admin] webapp=null path=/admin/cores params={core=bookstore&action=STATUS&wt=json} status=0 QTime=0
2017-10-26 05:40:56.054 INFO  (qtp834133664-19) [   ] o.a.s.h.a.CoreAdminOperation core create command name=bookstore&action=CREATE&instanceDir=bookstore&wt=json
2017-10-26 05:40:56.231 INFO  (qtp834133664-19) [   x:bookstore] o.a.s.c.SolrResourceLoader [bookstore] Added 51 libs to classloader, from paths: [/root/DSE203_Demand_EDA/www/SOLR_/solr/contrib/clustering/lib, /root/DSE203_Demand_EDA/www/SOLR_/solr/contrib/extraction/lib, /root/DSE203_Demand_EDA/www/SOLR_/solr/contrib/langid/lib, /root/DSE203_Demand_EDA/www/SOLR_/solr/contrib/velocity/lib, /root/DSE203_Demand_EDA/www/SOLR_/solr/dist]
2017-10-26 05:40:56.566 INFO  (qtp834133664-19) [   x:bookstore] o.a.s.c.SolrConfig Using Lucene MatchVersion: 7.0.0
2017-10-26 05:40:56.963 INFO  (qtp834133664-19) [   x:bookstore] o.a.s.s.IndexSchema [bookstore] Schema name=default-config
2017-10-26 05:40:58.112 INFO  (qtp834133664-19) [   x:bookstore] o.a.s.s.IndexSchema Loaded schema default-config/1.6 with uniqueid field id
2017-10-26 05:40:58.199 INFO  (qtp834133664-19) [   x:bookstore] o.a.s.c.CoreContainer Creating SolrCore 'bookstore' using configuration from instancedir /root/DSE203_Demand_EDA/www/SOLR_/solr/server/solr/bookstore, trusted=true
2017-10-26 05:40:58.238 INFO  (qtp834133664-19) [   x:bookstore] o.a.s.c.SolrCore solr.RecoveryStrategy.Builder
2017-10-26 05:40:58.249 INFO  (qtp834133664-19) [   x:bookstore] o.a.s.c.SolrCore [[bookstore] ] Opening new SolrCore at [/root/DSE203_Demand_EDA/www/SOLR_/solr/server/solr/bookstore], dataDir=[/root/DSE203_Demand_EDA/www/SOLR_/solr/server/solr/bookstore/data/]
2017-10-26 05:40:58.414 INFO  (qtp834133664-19) [   x:bookstore] o.a.s.r.XSLTResponseWriter xsltCacheLifetimeSeconds=5
2017-10-26 05:40:59.093 INFO  (qtp834133664-19) [   x:bookstore] o.a.s.u.UpdateHandler Using UpdateLog implementation: org.apache.solr.update.UpdateLog
2017-10-26 05:40:59.101 INFO  (qtp834133664-19) [   x:bookstore] o.a.s.u.UpdateLog Initializing UpdateLog: dataDir= defaultSyncLevel=FLUSH numRecordsToKeep=100 maxNumLogsToKeep=10 numVersionBuckets=65536
2017-10-26 05:40:59.121 INFO  (qtp834133664-19) [   x:bookstore] o.a.s.u.CommitTracker Hard AutoCommit: if uncommited for 15000ms; 
2017-10-26 05:40:59.122 INFO  (qtp834133664-19) [   x:bookstore] o.a.s.u.CommitTracker Soft AutoCommit: disabled
2017-10-26 05:40:59.167 INFO  (qtp834133664-19) [   x:bookstore] o.a.s.s.SolrIndexSearcher Opening [Searcher@6c7be482[bookstore] main]
2017-10-26 05:40:59.189 INFO  (qtp834133664-19) [   x:bookstore] o.a.s.r.ManagedResourceStorage File-based storage initialized to use dir: /root/DSE203_Demand_EDA/www/SOLR_/solr/server/solr/bookstore/conf
2017-10-26 05:40:59.220 INFO  (qtp834133664-19) [   x:bookstore] o.a.s.h.c.SpellCheckComponent Initializing spell checkers
2017-10-26 05:40:59.230 INFO  (qtp834133664-19) [   x:bookstore] o.a.s.s.DirectSolrSpellChecker init: {name=default,field=_text_,classname=solr.DirectSolrSpellChecker,distanceMeasure=internal,accuracy=0.5,maxEdits=2,minPrefix=1,maxInspections=5,minQueryLength=4,maxQueryFrequency=0.01}
2017-10-26 05:40:59.262 INFO  (qtp834133664-19) [   x:bookstore] o.a.s.h.ReplicationHandler Commits will be reserved for  10000
2017-10-26 05:40:59.348 INFO  (searcherExecutor-7-thread-1-processing-x:bookstore) [   x:bookstore] o.a.s.c.QuerySenderListener QuerySenderListener sending requests to Searcher@6c7be482[bookstore] main{ExitableDirectoryReader(UninvertingDirectoryReader())}
2017-10-26 05:40:59.348 INFO  (searcherExecutor-7-thread-1-processing-x:bookstore) [   x:bookstore] o.a.s.c.QuerySenderListener QuerySenderListener done.
2017-10-26 05:40:59.348 INFO  (searcherExecutor-7-thread-1-processing-x:bookstore) [   x:bookstore] o.a.s.h.c.SpellCheckComponent Loading spell index for spellchecker: default
2017-10-26 05:40:59.360 INFO  (searcherExecutor-7-thread-1-processing-x:bookstore) [   x:bookstore] o.a.s.c.SolrCore [bookstore] Registered new searcher Searcher@6c7be482[bookstore] main{ExitableDirectoryReader(UninvertingDirectoryReader())}
2017-10-26 05:40:59.365 INFO  (qtp834133664-19) [   x:bookstore] o.a.s.u.UpdateLog Could not find max version in index or recent updates, using new clock 1582297471375114240
2017-10-26 05:40:59.381 INFO  (qtp834133664-19) [   x:bookstore] o.a.s.s.HttpSolrCall [admin] webapp=null path=/admin/cores params={name=bookstore&action=CREATE&instanceDir=bookstore&wt=json} status=0 QTime=3326
2017-10-26 05:41:24.956 INFO  (qtp834133664-11) [   x:bookstore] o.a.s.s.ManagedIndexSchema Upgraded to managed schema at /root/DSE203_Demand_EDA/www/SOLR_/solr/server/solr/bookstore/conf/managed-schema
2017-10-26 05:41:39.768 INFO  (qtp834133664-11) [   x:bookstore] o.a.s.u.p.LogUpdateProcessorFactory [bookstore]  webapp=/solr path=/update/json/docs params={}{add=[0eb6691f-ab54-44c6-9b93-ac5db453640f (1582297498213416960), 82634ca3-81a4-468d-bf25-1e055c8a974d (1582297498339246080), 7851bb38-4811-45ce-a4e0-199e7f1f3c95 (1582297498346586112), 77c7f516-10b9-4bc3-a7c3-abecf6be3710 (1582297498348683264), 60aa1298-4ddb-4439-aae0-18f59c02e94d (1582297498358120448), b446b721-69ec-4f13-98ce-ef348a2f323c (1582297498361266176), d5172739-97c2-4e3b-b454-8d87b6d35b1a (1582297498364411904), 80d1ec6b-9f07-48f0-8756-db25bd5e4993 (1582297498364411905), 3fea7f79-6695-4474-82ed-2a03ca8c22ef (1582297498372800512), 9c0df420-0076-4814-baf2-8bee976af507 (1582297498373849088), ... (77165 adds)]} 0 15213
2017-10-26 05:41:39.782 INFO  (qtp834133664-17) [   x:bookstore] o.a.s.u.DirectUpdateHandler2 start commit{_version_=1582297513755410432,optimize=false,openSearcher=true,waitSearcher=true,expungeDeletes=false,softCommit=false,prepareCommit=false}
2017-10-26 05:41:39.782 INFO  (qtp834133664-17) [   x:bookstore] o.a.s.u.SolrIndexWriter Calling setCommitData with IW:org.apache.solr.update.SolrIndexWriter@4b1cf216 commitCommandVersion:1582297513755410432
2017-10-26 05:41:46.689 INFO  (qtp834133664-17) [   x:bookstore] o.a.s.s.SolrIndexSearcher Opening [Searcher@5c467efc[bookstore] main]
2017-10-26 05:41:46.702 INFO  (searcherExecutor-7-thread-1-processing-x:bookstore) [   x:bookstore] o.a.s.c.QuerySenderListener QuerySenderListener sending requests to Searcher@5c467efc[bookstore] main{ExitableDirectoryReader(UninvertingDirectoryReader(Uninverting(_0(7.0.0):C77165)))}
2017-10-26 05:41:46.702 INFO  (searcherExecutor-7-thread-1-processing-x:bookstore) [   x:bookstore] o.a.s.c.QuerySenderListener QuerySenderListener done.
2017-10-26 05:41:46.702 INFO  (searcherExecutor-7-thread-1-processing-x:bookstore) [   x:bookstore] o.a.s.c.SolrCore [bookstore] Registered new searcher Searcher@5c467efc[bookstore] main{ExitableDirectoryReader(UninvertingDirectoryReader(Uninverting(_0(7.0.0):C77165)))}
2017-10-26 05:41:46.703 INFO  (qtp834133664-17) [   x:bookstore] o.a.s.u.DirectUpdateHandler2 end_commit_flush
2017-10-26 05:41:46.704 INFO  (qtp834133664-17) [   x:bookstore] o.a.s.u.p.LogUpdateProcessorFactory [bookstore]  webapp=/solr path=/update params={commit=true}{commit=} 0 6922
2017-10-26 05:42:00.002 INFO  (qtp834133664-20) [   ] o.a.s.s.HttpSolrCall [admin] webapp=null path=/admin/cores params={indexInfo=false&wt=json&_=1508996519487} status=0 QTime=0
2017-10-26 05:42:00.015 INFO  (qtp834133664-20) [   ] o.a.s.s.HttpSolrCall [admin] webapp=null path=/admin/info/system params={wt=json&_=1508996519488} status=0 QTime=12
2017-10-26 05:42:04.111 INFO  (qtp834133664-19) [   x:bookstore] o.a.s.c.S.Request [bookstore]  webapp=/solr path=/select params={q=*:*&_=1508996519894} hits=77165 status=0 QTime=48
2017-10-26 16:27:06.736 INFO  (qtp834133664-17) [   ] o.a.s.s.HttpSolrCall [admin] webapp=null path=/admin/cores params={indexInfo=false&wt=json&_=1509035227420} status=0 QTime=0
2017-10-26 16:27:06.749 INFO  (qtp834133664-17) [   ] o.a.s.s.HttpSolrCall [admin] webapp=null path=/admin/info/system params={wt=json&_=1509035227422} status=0 QTime=10
2017-10-27 01:02:10.343 INFO  (qtp834133664-18) [   ] o.a.s.s.HttpSolrCall [admin] webapp=null path=/admin/cores params={indexInfo=false&wt=json&_=1509066133504} status=0 QTime=0
2017-10-27 01:02:10.359 INFO  (qtp834133664-20) [   ] o.a.s.s.HttpSolrCall [admin] webapp=null path=/admin/info/system params={wt=json&_=1509066133506} status=0 QTime=13
2017-10-27 20:32:37.863 INFO  (qtp834133664-17) [   ] o.a.s.s.HttpSolrCall [admin] webapp=null path=/admin/cores params={indexInfo=false&wt=json&_=1509136359598} status=0 QTime=0
2017-10-27 20:32:37.877 INFO  (qtp834133664-19) [   ] o.a.s.s.HttpSolrCall [admin] webapp=null path=/admin/info/system params={wt=json&_=1509136359600} status=0 QTime=18
2017-10-28 23:04:01.900 INFO  (qtp834133664-20) [   ] o.a.s.s.HttpSolrCall [admin] webapp=null path=/admin/cores params={indexInfo=false&wt=json&_=1509231841258} status=0 QTime=1
2017-10-28 23:04:01.943 INFO  (qtp834133664-13) [   ] o.a.s.s.HttpSolrCall [admin] webapp=null path=/admin/info/system params={wt=json&_=1509231841260} status=0 QTime=41
2017-10-28 23:04:12.828 INFO  (qtp834133664-15) [   x:bookstore] o.a.s.c.S.Request [bookstore]  webapp=/solr path=/select params={q=camera&_=1509231841804} hits=0 status=0 QTime=14
2017-10-28 23:04:23.722 INFO  (qtp834133664-11) [   x:bookstore] o.a.s.c.S.Request [bookstore]  webapp=/solr path=/select params={q=camera,+ipod&_=1509231841804} hits=0 status=0 QTime=12
2017-10-28 23:04:38.268 INFO  (qtp834133664-19) [   x:bookstore] o.a.s.c.S.Request [bookstore]  webapp=/solr path=/select params={q=camera,+ipod&_=1509231841804} hits=0 status=0 QTime=1
2017-11-01 02:30:43.285 INFO  (qtp834133664-16) [   ] o.a.s.s.HttpSolrCall [admin] webapp=null path=/admin/cores params={indexInfo=false&wt=json&_=1509503442907} status=0 QTime=15
2017-11-01 02:30:43.303 INFO  (qtp834133664-15) [   ] o.a.s.s.HttpSolrCall [admin] webapp=null path=/admin/info/system params={wt=json&_=1509503442908} status=0 QTime=29
2017-11-01 02:31:01.873 INFO  (qtp834133664-14) [   x:bookstore] o.a.s.c.S.Request [bookstore]  webapp=/solr path=/select params={q=*:*&_=1509503443234} hits=77165 status=0 QTime=7
2017-11-01 02:31:15.208 INFO  (qtp834133664-11) [   x:bookstore] o.a.s.c.S.Request [bookstore]  webapp=/solr path=/select params={q=thumbnail&_=1509503443234} hits=0 status=0 QTime=5
2017-11-01 02:31:20.948 INFO  (qtp834133664-19) [   x:bookstore] o.a.s.c.S.Request [bookstore]  webapp=/solr path=/select params={q=camera&_=1509503443234} hits=0 status=0 QTime=2
2017-11-01 02:31:28.091 INFO  (qtp834133664-20) [   x:bookstore] o.a.s.c.S.Request [bookstore]  webapp=/solr path=/select params={q=camera*&_=1509503443234} hits=0 status=0 QTime=20
2017-11-01 02:31:35.416 INFO  (qtp834133664-17) [   x:bookstore] o.a.s.c.S.Request [bookstore]  webapp=/solr path=/select params={q=*camera*&_=1509503443234} hits=0 status=0 QTime=57
2017-11-01 02:31:46.848 INFO  (qtp834133664-18) [   x:bookstore] o.a.s.c.S.Request [bookstore]  webapp=/solr path=/select params={q=camera.*&_=1509503443234} hits=0 status=0 QTime=1
2017-11-01 02:31:58.510 INFO  (qtp834133664-18) [   x:bookstore] o.a.s.c.S.Request [bookstore]  webapp=/solr path=/select params={q=*.*&_=1509503443234} hits=0 status=0 QTime=3
2017-11-01 02:32:01.022 INFO  (qtp834133664-15) [   x:bookstore] o.a.s.c.S.Request [bookstore]  webapp=/solr path=/select params={q=*.*&_=1509503443234} hits=0 status=0 QTime=3
2017-11-01 02:32:10.256 INFO  (qtp834133664-13) [   x:bookstore] o.a.s.c.S.Request [bookstore]  webapp=/solr path=/select params={_=1509503443234} hits=0 status=0 QTime=1
2017-11-01 02:32:15.938 INFO  (qtp834133664-19) [   ] o.a.s.s.HttpSolrCall [admin] webapp=null path=/admin/cores params={indexInfo=false&wt=json&_=1509503535837} status=0 QTime=0
2017-11-01 02:32:15.949 INFO  (qtp834133664-11) [   ] o.a.s.s.HttpSolrCall [admin] webapp=null path=/admin/info/system params={wt=json&_=1509503535838} status=0 QTime=11
2017-11-01 02:32:17.744 INFO  (qtp834133664-19) [   x:bookstore] o.a.s.c.S.Request [bookstore]  webapp=/solr path=/select params={q=*:*&_=1509503535905} hits=77165 status=0 QTime=0
2017-11-05 15:03:23.178 INFO  (qtp834133664-18) [   ] o.a.s.s.HttpSolrCall [admin] webapp=null path=/admin/cores params={indexInfo=false&wt=json&_=1509894202962} status=0 QTime=9
2017-11-05 15:03:23.216 INFO  (qtp834133664-14) [   ] o.a.s.s.HttpSolrCall [admin] webapp=null path=/admin/info/system params={wt=json&_=1509894202963} status=0 QTime=36
2017-11-05 15:03:23.261 INFO  (qtp834133664-11) [   ] o.a.s.s.HttpSolrCall [admin] webapp=null path=/admin/info/system params={wt=json&_=1509894202963} status=0 QTime=12
